<?xml version="1.0" encoding="UTF-8"?>
<!-- Generated by org.testng.reporters.JUnitReportReporter -->
<testsuite skipped="0" hostname="SAG-8JC82X2" name="test.Example" tests="3" failures="0" timestamp="2022-04-04T13:49:47 IST" time="0.009" errors="0">
  <testcase name="demoTest2" time="0.001" classname="test.Example"/>
  <system-out/>
  <testcase name="demoTest1" time="0.004" classname="test.Example"/>
  <system-out/>
  <testcase name="demoTest" time="0.004" classname="test.Example"/>
  <system-out/>
</testsuite> <!-- test.Example -->
