<?xml version="1.0" encoding="UTF-8"?>
<!-- Generated by org.testng.reporters.JUnitReportReporter -->
<testsuite skipped="0" hostname="SAG-8JC82X2" name="test.Day2" tests="6" failures="0" timestamp="2022-04-04T13:39:08 IST" time="0.003" errors="0">
  <testcase name="loginNowloan" time="0.000" classname="test.Day2"/>
  <system-out/>
  <testcase name="loginAgainloan" time="0.000" classname="test.Day2"/>
  <system-out/>
  <testcase name="group" time="0.001" classname="test.Day2"/>
  <system-out/>
  <testcase name="loginHomeloan" time="0.001" classname="test.Day2"/>
  <system-out/>
  <testcase name="calculateHomeloan" time="0.000" classname="test.Day2"/>
  <system-out/>
  <testcase name="exitHomeloan" time="0.001" classname="test.Day2"/>
  <system-out/>
</testsuite> <!-- test.Day2 -->
