<?xml version="1.0" encoding="UTF-8"?>
<!-- Generated by org.testng.reporters.JUnitReportReporter -->
<testsuite skipped="1" hostname="SAG-8JC82X2" name="test.Day3" tests="4" failures="0" timestamp="2022-04-04T13:39:08 IST" time="0.000" errors="0">
  <testcase name="group" time="0.000" classname="test.Day3"/>
  <system-out/>
  <testcase name="exitCarloan" time="0.000" classname="test.Day3"/>
  <system-out/>
  <testcase name="calculateCarloan" time="0.000" classname="test.Day3"/>
  <system-out/>
  <testcase name="loginCarloan" classname="test.Day3">
    <skipped/>
  </testcase> <!-- loginCarloan -->
  <system-out/>
</testsuite> <!-- test.Day3 -->
